=== Validating v6 dataset ===
train: 79,497 samples, X shape: (79497, 120, 8)
  ch6 (taker_buy): 100.0% nonzero
  ch7 (funding): 63.6% nonzero
val: 20,829 samples, X shape: (20829, 120, 8)
  ch6 (taker_buy): 100.0% nonzero
  ch7 (funding): 85.2% nonzero
test: 23,081 samples, X shape: (23081, 120, 8)
  ch6 (taker_buy): 100.0% nonzero
  ch7 (funding): 85.1% nonzero
Dataset validation passed!

=== Starting v6 training ===
Device: cuda
Model: 31,710,217 params | 8 input channels

Transferring weights from checkpoints_v5/best.pt...
  Padded: patch_embed.proj.weight torch.Size([512, 30]) -> torch.Size([512, 40])
Transferred v5 weights: 135 exact, 1 padded, 2 skipped
Loaded 79497 v5 samples from data/processed_v6/train.npz (target=Y_relative)
  X shape: (79497, 120, 8), Y shape: (79497, 30)
  Y stats: mean=-0.000155, std=0.1545
Data: 79,497 samples | 310 steps/epoch
X channels: 8
Loaded 20829 v5 samples from data/processed_v6/val.npz (target=Y_relative)
  X shape: (20829, 120, 8), Y shape: (20829, 30)
  Y stats: mean=0.000000, std=0.1332
Validation: 4096 samples
AMP: bfloat16

============================================================
PHASE A: Patch embed warmup (5000 steps)
============================================================

Trainable params (Phase A): 153,091 / 31,710,217
step      50 | loss=-0.7234 | nll=-0.7872 | crps=0.0686 | mean_mse=0.0295 | pred_mean_std=0.0113 | grad_norm=4.1114 | mean_nu=2.6368 | lr=0.0000 | phase=A
step     100 | loss=-0.7329 | nll=-0.7965 | crps=0.0681 | mean_mse=0.0295 | pred_mean_std=0.0127 | grad_norm=5.5291 | mean_nu=2.5252 | lr=0.0001 | phase=A
step     150 | loss=-0.7313 | nll=-0.7957 | crps=0.0684 | mean_mse=0.0302 | pred_mean_std=0.0124 | grad_norm=4.5254 | mean_nu=2.5429 | lr=0.0001 | phase=A
step     200 | loss=-0.7236 | nll=-0.7891 | crps=0.0693 | mean_mse=0.0309 | pred_mean_std=0.0128 | grad_norm=3.4728 | mean_nu=2.5272 | lr=0.0001 | phase=A
step     250 | loss=-0.7186 | nll=-0.7834 | crps=0.0691 | mean_mse=0.0303 | pred_mean_std=0.0125 | grad_norm=6.3954 | mean_nu=2.5980 | lr=0.0001 | phase=A
step     300 | loss=-0.7358 | nll=-0.8008 | crps=0.0686 | mean_mse=0.0307 | pred_mean_std=0.0132 | grad_norm=4.3720 | mean_nu=2.6043 | lr=0.0002 | phase=A
step     350 | loss=-0.7093 | nll=-0.7760 | crps=0.0701 | mean_mse=0.0317 | pred_mean_std=0.0124 | grad_norm=9.3114 | mean_nu=2.6249 | lr=0.0002 | phase=A
step     400 | loss=-0.7221 | nll=-0.7882 | crps=0.0695 | mean_mse=0.0314 | pred_mean_std=0.0117 | grad_norm=5.6997 | mean_nu=2.5456 | lr=0.0002 | phase=A
step     450 | loss=-0.7445 | nll=-0.8076 | crps=0.0677 | mean_mse=0.0293 | pred_mean_std=0.0123 | grad_norm=4.4270 | mean_nu=2.5579 | lr=0.0003 | phase=A
step     500 | loss=-0.7376 | nll=-0.8014 | crps=0.0681 | mean_mse=0.0297 | pred_mean_std=0.0125 | grad_norm=5.3105 | mean_nu=2.5082 | lr=0.0003 | phase=A
step     500 | val_loss=-0.8489 | val_nll=-0.9004 | val_crps=0.0595 | val_mean_mse=0.0217 | val_pred_mean_std=0.0052 | val_mean_sigma=0.0725 | val_mean_nu=2.0398
  ** New best: val_loss=-0.8489
step     550 | loss=-0.7376 | nll=-0.8003 | crps=0.0679 | mean_mse=0.0288 | pred_mean_std=0.0122 | grad_norm=3.9719 | mean_nu=2.6541 | lr=0.0003 | phase=A
step     600 | loss=-0.7300 | nll=-0.7955 | crps=0.0690 | mean_mse=0.0310 | pred_mean_std=0.0119 | grad_norm=5.5318 | mean_nu=2.5292 | lr=0.0003 | phase=A
step     650 | loss=-0.7435 | nll=-0.8060 | crps=0.0676 | mean_mse=0.0287 | pred_mean_std=0.0124 | grad_norm=5.5806 | mean_nu=2.6120 | lr=0.0003 | phase=A
step     700 | loss=-0.7234 | nll=-0.7885 | crps=0.0692 | mean_mse=0.0305 | pred_mean_std=0.0123 | grad_norm=5.9758 | mean_nu=2.5643 | lr=0.0003 | phase=A
step     750 | loss=-0.7417 | nll=-0.8057 | crps=0.0680 | mean_mse=0.0300 | pred_mean_std=0.0115 | grad_norm=6.0767 | mean_nu=2.5734 | lr=0.0003 | phase=A
step     800 | loss=-0.7299 | nll=-0.7947 | crps=0.0689 | mean_mse=0.0304 | pred_mean_std=0.0127 | grad_norm=6.3703 | mean_nu=2.5375 | lr=0.0003 | phase=A
step     850 | loss=-0.7397 | nll=-0.8045 | crps=0.0683 | mean_mse=0.0306 | pred_mean_std=0.0140 | grad_norm=3.9922 | mean_nu=2.5648 | lr=0.0003 | phase=A
step     900 | loss=-0.7341 | nll=-0.7992 | crps=0.0689 | mean_mse=0.0307 | pred_mean_std=0.0113 | grad_norm=6.8560 | mean_nu=2.5235 | lr=0.0003 | phase=A
step     950 | loss=-0.7266 | nll=-0.7916 | crps=0.0690 | mean_mse=0.0305 | pred_mean_std=0.0131 | grad_norm=3.5461 | mean_nu=2.5627 | lr=0.0003 | phase=A
step    1000 | loss=-0.7570 | nll=-0.8196 | crps=0.0671 | mean_mse=0.0290 | pred_mean_std=0.0125 | grad_norm=4.5795 | mean_nu=2.5558 | lr=0.0003 | phase=A
step    1000 | val_loss=-0.8465 | val_nll=-0.8980 | val_crps=0.0596 | val_mean_mse=0.0217 | val_pred_mean_std=0.0047 | val_mean_sigma=0.0780 | val_mean_nu=2.0611
step    1050 | loss=-0.7314 | nll=-0.7963 | crps=0.0689 | mean_mse=0.0305 | pred_mean_std=0.0102 | grad_norm=4.3222 | mean_nu=2.5757 | lr=0.0003 | phase=A
step    1100 | loss=-0.7441 | nll=-0.8075 | crps=0.0678 | mean_mse=0.0295 | pred_mean_std=0.0118 | grad_norm=5.8633 | mean_nu=2.6896 | lr=0.0003 | phase=A
step    1150 | loss=-0.7347 | nll=-0.7991 | crps=0.0687 | mean_mse=0.0300 | pred_mean_std=0.0119 | grad_norm=4.7543 | mean_nu=2.5945 | lr=0.0003 | phase=A
step    1200 | loss=-0.7267 | nll=-0.7923 | crps=0.0692 | mean_mse=0.0310 | pred_mean_std=0.0140 | grad_norm=4.9636 | mean_nu=2.5660 | lr=0.0003 | phase=A
step    1250 | loss=-0.7396 | nll=-0.8046 | crps=0.0684 | mean_mse=0.0308 | pred_mean_std=0.0138 | grad_norm=4.2944 | mean_nu=2.5956 | lr=0.0003 | phase=A
step    1300 | loss=-0.7456 | nll=-0.8086 | crps=0.0676 | mean_mse=0.0292 | pred_mean_std=0.0142 | grad_norm=5.4350 | mean_nu=2.5506 | lr=0.0003 | phase=A
step    1350 | loss=-0.7474 | nll=-0.8116 | crps=0.0681 | mean_mse=0.0302 | pred_mean_std=0.0130 | grad_norm=5.8750 | mean_nu=2.5769 | lr=0.0003 | phase=A
step    1400 | loss=-0.7358 | nll=-0.7993 | crps=0.0683 | mean_mse=0.0293 | pred_mean_std=0.0137 | grad_norm=5.9752 | mean_nu=2.6391 | lr=0.0003 | phase=A
step    1450 | loss=-0.7555 | nll=-0.8175 | crps=0.0671 | mean_mse=0.0285 | pred_mean_std=0.0101 | grad_norm=6.4261 | mean_nu=2.5889 | lr=0.0003 | phase=A
step    1500 | loss=-0.7182 | nll=-0.7852 | crps=0.0700 | mean_mse=0.0320 | pred_mean_std=0.0111 | grad_norm=5.5258 | mean_nu=2.5916 | lr=0.0003 | phase=A
step    1500 | val_loss=-0.8616 | val_nll=-0.9129 | val_crps=0.0593 | val_mean_mse=0.0217 | val_pred_mean_std=0.0057 | val_mean_sigma=0.0702 | val_mean_nu=2.0266
  ** New best: val_loss=-0.8616
step    1550 | loss=-0.7238 | nll=-0.7912 | crps=0.0698 | mean_mse=0.0325 | pred_mean_std=0.0139 | grad_norm=4.8046 | mean_nu=2.5025 | lr=0.0003 | phase=A
step    1600 | loss=-0.7347 | nll=-0.7999 | crps=0.0689 | mean_mse=0.0308 | pred_mean_std=0.0112 | grad_norm=6.2336 | mean_nu=2.4944 | lr=0.0003 | phase=A
step    1650 | loss=-0.7318 | nll=-0.7960 | crps=0.0684 | mean_mse=0.0300 | pred_mean_std=0.0137 | grad_norm=4.6284 | mean_nu=2.5560 | lr=0.0003 | phase=A
step    1700 | loss=-0.7388 | nll=-0.8029 | crps=0.0684 | mean_mse=0.0299 | pred_mean_std=0.0115 | grad_norm=3.5803 | mean_nu=2.6043 | lr=0.0003 | phase=A
step    1750 | loss=-0.7447 | nll=-0.8094 | crps=0.0684 | mean_mse=0.0305 | pred_mean_std=0.0106 | grad_norm=3.2755 | mean_nu=2.6170 | lr=0.0002 | phase=A
step    1800 | loss=-0.7434 | nll=-0.8074 | crps=0.0681 | mean_mse=0.0299 | pred_mean_std=0.0128 | grad_norm=4.6250 | mean_nu=2.6186 | lr=0.0002 | phase=A
step    1850 | loss=-0.7485 | nll=-0.8126 | crps=0.0682 | mean_mse=0.0300 | pred_mean_std=0.0132 | grad_norm=4.8184 | mean_nu=2.6334 | lr=0.0002 | phase=A
step    1900 | loss=-0.7447 | nll=-0.8100 | crps=0.0685 | mean_mse=0.0311 | pred_mean_std=0.0164 | grad_norm=4.4438 | mean_nu=2.5852 | lr=0.0002 | phase=A
step    1950 | loss=-0.7398 | nll=-0.8045 | crps=0.0685 | mean_mse=0.0305 | pred_mean_std=0.0119 | grad_norm=3.9238 | mean_nu=2.6182 | lr=0.0002 | phase=A
step    2000 | loss=-0.7306 | nll=-0.7949 | crps=0.0688 | mean_mse=0.0299 | pred_mean_std=0.0127 | grad_norm=4.6718 | mean_nu=2.6105 | lr=0.0002 | phase=A
step    2000 | val_loss=-0.8520 | val_nll=-0.9035 | val_crps=0.0595 | val_mean_mse=0.0217 | val_pred_mean_std=0.0058 | val_mean_sigma=0.0771 | val_mean_nu=2.0661
step    2050 | loss=-0.7410 | nll=-0.8060 | crps=0.0686 | mean_mse=0.0307 | pred_mean_std=0.0133 | grad_norm=3.5594 | mean_nu=2.5597 | lr=0.0002 | phase=A
step    2100 | loss=-0.7466 | nll=-0.8114 | crps=0.0683 | mean_mse=0.0306 | pred_mean_std=0.0123 | grad_norm=3.9790 | mean_nu=2.6240 | lr=0.0002 | phase=A
step    2150 | loss=-0.7555 | nll=-0.8183 | crps=0.0674 | mean_mse=0.0291 | pred_mean_std=0.0117 | grad_norm=3.8834 | mean_nu=2.5744 | lr=0.0002 | phase=A
step    2200 | loss=-0.7433 | nll=-0.8066 | crps=0.0681 | mean_mse=0.0293 | pred_mean_std=0.0122 | grad_norm=4.5867 | mean_nu=2.6247 | lr=0.0002 | phase=A
step    2250 | loss=-0.7479 | nll=-0.8115 | crps=0.0679 | mean_mse=0.0297 | pred_mean_std=0.0130 | grad_norm=9.8506 | mean_nu=2.6706 | lr=0.0002 | phase=A
step    2300 | loss=-0.7472 | nll=-0.8109 | crps=0.0679 | mean_mse=0.0298 | pred_mean_std=0.0137 | grad_norm=4.5358 | mean_nu=2.6256 | lr=0.0002 | phase=A
step    2350 | loss=-0.7436 | nll=-0.8081 | crps=0.0683 | mean_mse=0.0304 | pred_mean_std=0.0118 | grad_norm=5.7649 | mean_nu=2.5531 | lr=0.0002 | phase=A
step    2400 | loss=-0.7407 | nll=-0.8052 | crps=0.0684 | mean_mse=0.0303 | pred_mean_std=0.0122 | grad_norm=6.6982 | mean_nu=2.6168 | lr=0.0002 | phase=A
step    2450 | loss=-0.7353 | nll=-0.8011 | crps=0.0690 | mean_mse=0.0313 | pred_mean_std=0.0123 | grad_norm=4.2821 | mean_nu=2.5666 | lr=0.0002 | phase=A
step    2500 | loss=-0.7485 | nll=-0.8120 | crps=0.0678 | mean_mse=0.0296 | pred_mean_std=0.0126 | grad_norm=5.9825 | mean_nu=2.5643 | lr=0.0002 | phase=A
step    2500 | val_loss=-0.8531 | val_nll=-0.9046 | val_crps=0.0595 | val_mean_mse=0.0218 | val_pred_mean_std=0.0071 | val_mean_sigma=0.0757 | val_mean_nu=2.0538
step    2550 | loss=-0.7395 | nll=-0.8047 | crps=0.0687 | mean_mse=0.0309 | pred_mean_std=0.0127 | grad_norm=4.1307 | mean_nu=2.5483 | lr=0.0002 | phase=A
step    2600 | loss=-0.7378 | nll=-0.8020 | crps=0.0685 | mean_mse=0.0300 | pred_mean_std=0.0136 | grad_norm=4.8986 | mean_nu=2.6535 | lr=0.0002 | phase=A
step    2650 | loss=-0.7427 | nll=-0.8075 | crps=0.0685 | mean_mse=0.0306 | pred_mean_std=0.0128 | grad_norm=4.6758 | mean_nu=2.5701 | lr=0.0002 | phase=A
step    2700 | loss=-0.7484 | nll=-0.8119 | crps=0.0679 | mean_mse=0.0295 | pred_mean_std=0.0114 | grad_norm=4.3720 | mean_nu=2.6384 | lr=0.0002 | phase=A
step    2750 | loss=-0.7562 | nll=-0.8195 | crps=0.0674 | mean_mse=0.0296 | pred_mean_std=0.0125 | grad_norm=4.6773 | mean_nu=2.6285 | lr=0.0002 | phase=A
step    2800 | loss=-0.7332 | nll=-0.7988 | crps=0.0691 | mean_mse=0.0311 | pred_mean_std=0.0124 | grad_norm=6.2659 | mean_nu=2.6634 | lr=0.0001 | phase=A
step    2850 | loss=-0.7490 | nll=-0.8138 | crps=0.0683 | mean_mse=0.0306 | pred_mean_std=0.0136 | grad_norm=5.8433 | mean_nu=2.6545 | lr=0.0001 | phase=A
step    2900 | loss=-0.7370 | nll=-0.8022 | crps=0.0687 | mean_mse=0.0309 | pred_mean_std=0.0137 | grad_norm=4.6340 | mean_nu=2.5528 | lr=0.0001 | phase=A
step    2950 | loss=-0.7339 | nll=-0.7997 | crps=0.0691 | mean_mse=0.0312 | pred_mean_std=0.0128 | grad_norm=5.4540 | mean_nu=2.5697 | lr=0.0001 | phase=A
step    3000 | loss=-0.7499 | nll=-0.8132 | crps=0.0679 | mean_mse=0.0294 | pred_mean_std=0.0130 | grad_norm=4.4289 | mean_nu=2.6915 | lr=0.0001 | phase=A
step    3000 | val_loss=-0.8559 | val_nll=-0.9075 | val_crps=0.0595 | val_mean_mse=0.0219 | val_pred_mean_std=0.0080 | val_mean_sigma=0.0766 | val_mean_nu=2.0647
step    3050 | loss=-0.7472 | nll=-0.8116 | crps=0.0682 | mean_mse=0.0303 | pred_mean_std=0.0133 | grad_norm=5.1642 | mean_nu=2.6308 | lr=0.0001 | phase=A
step    3100 | loss=-0.7585 | nll=-0.8212 | crps=0.0672 | mean_mse=0.0292 | pred_mean_std=0.0147 | grad_norm=5.2557 | mean_nu=2.6488 | lr=0.0001 | phase=A
step    3150 | loss=-0.7438 | nll=-0.8086 | crps=0.0686 | mean_mse=0.0306 | pred_mean_std=0.0137 | grad_norm=5.1238 | mean_nu=2.6819 | lr=0.0001 | phase=A
step    3200 | loss=-0.7351 | nll=-0.8007 | crps=0.0690 | mean_mse=0.0311 | pred_mean_std=0.0131 | grad_norm=3.5410 | mean_nu=2.6135 | lr=0.0001 | phase=A
step    3250 | loss=-0.7544 | nll=-0.8168 | crps=0.0672 | mean_mse=0.0288 | pred_mean_std=0.0131 | grad_norm=7.3997 | mean_nu=2.5844 | lr=0.0001 | phase=A
step    3300 | loss=-0.7578 | nll=-0.8212 | crps=0.0675 | mean_mse=0.0296 | pred_mean_std=0.0125 | grad_norm=4.9667 | mean_nu=2.6174 | lr=0.0001 | phase=A
step    3350 | loss=-0.7459 | nll=-0.8105 | crps=0.0682 | mean_mse=0.0305 | pred_mean_std=0.0131 | grad_norm=6.3490 | mean_nu=2.5691 | lr=0.0001 | phase=A
step    3400 | loss=-0.7431 | nll=-0.8078 | crps=0.0685 | mean_mse=0.0305 | pred_mean_std=0.0129 | grad_norm=4.6164 | mean_nu=2.6060 | lr=0.0001 | phase=A
step    3450 | loss=-0.7552 | nll=-0.8191 | crps=0.0678 | mean_mse=0.0300 | pred_mean_std=0.0135 | grad_norm=10.8579 | mean_nu=2.5557 | lr=0.0001 | phase=A
step    3500 | loss=-0.7512 | nll=-0.8149 | crps=0.0679 | mean_mse=0.0297 | pred_mean_std=0.0137 | grad_norm=6.9577 | mean_nu=2.6364 | lr=0.0001 | phase=A
step    3500 | val_loss=-0.8451 | val_nll=-0.8967 | val_crps=0.0597 | val_mean_mse=0.0218 | val_pred_mean_std=0.0063 | val_mean_sigma=0.0805 | val_mean_nu=2.0658
step    3550 | loss=-0.7542 | nll=-0.8170 | crps=0.0674 | mean_mse=0.0291 | pred_mean_std=0.0126 | grad_norm=4.0060 | mean_nu=2.6568 | lr=0.0001 | phase=A
step    3600 | loss=-0.7210 | nll=-0.7881 | crps=0.0699 | mean_mse=0.0321 | pred_mean_std=0.0128 | grad_norm=3.8637 | mean_nu=2.6467 | lr=0.0001 | phase=A
step    3650 | loss=-0.7403 | nll=-0.8060 | crps=0.0689 | mean_mse=0.0313 | pred_mean_std=0.0138 | grad_norm=3.7540 | mean_nu=2.6153 | lr=0.0001 | phase=A
step    3700 | loss=-0.7484 | nll=-0.8124 | crps=0.0680 | mean_mse=0.0299 | pred_mean_std=0.0128 | grad_norm=5.0584 | mean_nu=2.6062 | lr=0.0001 | phase=A
step    3750 | loss=-0.7515 | nll=-0.8154 | crps=0.0679 | mean_mse=0.0300 | pred_mean_std=0.0137 | grad_norm=4.6384 | mean_nu=2.6196 | lr=0.0001 | phase=A
step    3800 | loss=-0.7455 | nll=-0.8109 | crps=0.0686 | mean_mse=0.0311 | pred_mean_std=0.0135 | grad_norm=4.8575 | mean_nu=2.6131 | lr=0.0001 | phase=A
step    3850 | loss=-0.7370 | nll=-0.8003 | crps=0.0682 | mean_mse=0.0292 | pred_mean_std=0.0131 | grad_norm=7.1427 | mean_nu=2.6739 | lr=0.0000 | phase=A
step    3900 | loss=-0.7408 | nll=-0.8064 | crps=0.0688 | mean_mse=0.0312 | pred_mean_std=0.0134 | grad_norm=4.8261 | mean_nu=2.5613 | lr=0.0000 | phase=A
step    3950 | loss=-0.7556 | nll=-0.8189 | crps=0.0676 | mean_mse=0.0295 | pred_mean_std=0.0135 | grad_norm=16.0171 | mean_nu=2.5384 | lr=0.0000 | phase=A
step    4000 | loss=-0.7523 | nll=-0.8173 | crps=0.0683 | mean_mse=0.0308 | pred_mean_std=0.0142 | grad_norm=4.2943 | mean_nu=2.5989 | lr=0.0000 | phase=A
step    4000 | val_loss=-0.8529 | val_nll=-0.9045 | val_crps=0.0595 | val_mean_mse=0.0218 | val_pred_mean_std=0.0074 | val_mean_sigma=0.0782 | val_mean_nu=2.0602
step    4050 | loss=-0.7631 | nll=-0.8253 | crps=0.0669 | mean_mse=0.0288 | pred_mean_std=0.0134 | grad_norm=4.6265 | mean_nu=2.6137 | lr=0.0000 | phase=A
step    4100 | loss=-0.7503 | nll=-0.8151 | crps=0.0683 | mean_mse=0.0306 | pred_mean_std=0.0133 | grad_norm=4.1520 | mean_nu=2.6410 | lr=0.0000 | phase=A
step    4150 | loss=-0.7449 | nll=-0.8081 | crps=0.0679 | mean_mse=0.0292 | pred_mean_std=0.0138 | grad_norm=5.9547 | mean_nu=2.5905 | lr=0.0000 | phase=A
step    4200 | loss=-0.7527 | nll=-0.8165 | crps=0.0679 | mean_mse=0.0300 | pred_mean_std=0.0137 | grad_norm=5.2703 | mean_nu=2.6377 | lr=0.0000 | phase=A
step    4250 | loss=-0.7295 | nll=-0.7964 | crps=0.0696 | mean_mse=0.0321 | pred_mean_std=0.0133 | grad_norm=7.4546 | mean_nu=2.6207 | lr=0.0000 | phase=A
step    4300 | loss=-0.7536 | nll=-0.8176 | crps=0.0679 | mean_mse=0.0301 | pred_mean_std=0.0129 | grad_norm=4.5263 | mean_nu=2.5951 | lr=0.0000 | phase=A
step    4350 | loss=-0.7426 | nll=-0.8071 | crps=0.0683 | mean_mse=0.0303 | pred_mean_std=0.0126 | grad_norm=4.7306 | mean_nu=2.5998 | lr=0.0000 | phase=A
step    4400 | loss=-0.7504 | nll=-0.8148 | crps=0.0681 | mean_mse=0.0304 | pred_mean_std=0.0124 | grad_norm=3.4572 | mean_nu=2.5956 | lr=0.0000 | phase=A
step    4450 | loss=-0.7462 | nll=-0.8108 | crps=0.0683 | mean_mse=0.0304 | pred_mean_std=0.0126 | grad_norm=3.5608 | mean_nu=2.6151 | lr=0.0000 | phase=A
step    4500 | loss=-0.7446 | nll=-0.8088 | crps=0.0683 | mean_mse=0.0301 | pred_mean_std=0.0128 | grad_norm=3.6450 | mean_nu=2.6179 | lr=0.0000 | phase=A
step    4500 | val_loss=-0.8482 | val_nll=-0.8998 | val_crps=0.0596 | val_mean_mse=0.0218 | val_pred_mean_std=0.0067 | val_mean_sigma=0.0802 | val_mean_nu=2.0641
step    4550 | loss=-0.7512 | nll=-0.8143 | crps=0.0678 | mean_mse=0.0292 | pred_mean_std=0.0129 | grad_norm=5.2945 | mean_nu=2.6084 | lr=0.0000 | phase=A
step    4600 | loss=-0.7524 | nll=-0.8156 | crps=0.0676 | mean_mse=0.0294 | pred_mean_std=0.0129 | grad_norm=3.4928 | mean_nu=2.5991 | lr=0.0000 | phase=A
step    4650 | loss=-0.7423 | nll=-0.8077 | crps=0.0686 | mean_mse=0.0310 | pred_mean_std=0.0130 | grad_norm=3.9095 | mean_nu=2.6023 | lr=0.0000 | phase=A
step    4700 | loss=-0.7494 | nll=-0.8137 | crps=0.0681 | mean_mse=0.0303 | pred_mean_std=0.0132 | grad_norm=4.5780 | mean_nu=2.5980 | lr=0.0000 | phase=A
step    4750 | loss=-0.7490 | nll=-0.8132 | crps=0.0679 | mean_mse=0.0302 | pred_mean_std=0.0131 | grad_norm=3.3664 | mean_nu=2.5997 | lr=0.0000 | phase=A
step    4800 | loss=-0.7333 | nll=-0.7992 | crps=0.0692 | mean_mse=0.0313 | pred_mean_std=0.0130 | grad_norm=4.0213 | mean_nu=2.6130 | lr=0.0000 | phase=A
step    4850 | loss=-0.7426 | nll=-0.8071 | crps=0.0685 | mean_mse=0.0303 | pred_mean_std=0.0131 | grad_norm=3.9669 | mean_nu=2.6188 | lr=0.0000 | phase=A
step    4900 | loss=-0.7523 | nll=-0.8156 | crps=0.0675 | mean_mse=0.0296 | pred_mean_std=0.0130 | grad_norm=3.9776 | mean_nu=2.6173 | lr=0.0000 | phase=A
step    4950 | loss=-0.7623 | nll=-0.8252 | crps=0.0672 | mean_mse=0.0293 | pred_mean_std=0.0131 | grad_norm=4.3118 | mean_nu=2.6161 | lr=0.0000 | phase=A
step    5000 | loss=-0.7420 | nll=-0.8074 | crps=0.0689 | mean_mse=0.0310 | pred_mean_std=0.0132 | grad_norm=4.2029 | mean_nu=2.6177 | lr=0.0000 | phase=A
step    5000 | val_loss=-0.8504 | val_nll=-0.9019 | val_crps=0.0596 | val_mean_mse=0.0218 | val_pred_mean_std=0.0069 | val_mean_sigma=0.0794 | val_mean_nu=2.0618

Phase A done: 5000 steps, best_val_loss=-0.8616

============================================================
PHASE B: Full fine-tuning (up to 45000 steps, patience=10)
============================================================

Trainable params (Phase B): 31,710,217 / 31,710,217
  head: lr=1.00e-04
  decoder_norm: lr=1.00e-04
  decoder_0: lr=8.00e-05
  decoder_1: lr=8.00e-05
  encoder_0: lr=1.05e-05
  encoder_1: lr=1.31e-05
  encoder_2: lr=1.64e-05
  encoder_3: lr=2.05e-05
  encoder_4: lr=2.56e-05
  encoder_5: lr=3.20e-05
  encoder_6: lr=4.00e-05
  encoder_7: lr=5.00e-05
  encoder_norm: lr=5.00e-05
  patch_embed: lr=8.39e-06
  pos_enc: lr=8.39e-06
  vol_regressor: lr=5.00e-05
step    5050 | loss=-5.9683 | nll=-0.7947 | crps=0.0688 | mean_mse=0.0304 | pred_mean_std=0.0128 | grad_norm=197.0736 | mean_nu=2.6372 | lr=0.0000 | phase=B
step    5100 | loss=-6.8197 | nll=-0.7914 | crps=0.0688 | mean_mse=0.0304 | pred_mean_std=0.0132 | grad_norm=76.9209 | mean_nu=2.6827 | lr=0.0000 | phase=B
step    5150 | loss=-8.0689 | nll=-0.7870 | crps=0.0690 | mean_mse=0.0303 | pred_mean_std=0.0131 | grad_norm=85.5147 | mean_nu=2.6882 | lr=0.0000 | phase=B
step    5200 | loss=-9.1877 | nll=-0.8106 | crps=0.0676 | mean_mse=0.0295 | pred_mean_std=0.0129 | grad_norm=53.2755 | mean_nu=2.6288 | lr=0.0000 | phase=B
step    5250 | loss=-9.7694 | nll=-0.8045 | crps=0.0685 | mean_mse=0.0305 | pred_mean_std=0.0132 | grad_norm=76.3615 | mean_nu=2.5612 | lr=0.0000 | phase=B
step    5300 | loss=-9.7606 | nll=-0.8146 | crps=0.0678 | mean_mse=0.0299 | pred_mean_std=0.0129 | grad_norm=52.5836 | mean_nu=2.5588 | lr=0.0001 | phase=B
step    5350 | loss=-9.5414 | nll=-0.8190 | crps=0.0674 | mean_mse=0.0292 | pred_mean_std=0.0135 | grad_norm=80.6303 | mean_nu=2.5517 | lr=0.0001 | phase=B
step    5400 | loss=-9.6374 | nll=-0.7893 | crps=0.0698 | mean_mse=0.0321 | pred_mean_std=0.0130 | grad_norm=70.3606 | mean_nu=2.5752 | lr=0.0001 | phase=B
step    5450 | loss=-9.2772 | nll=-0.8167 | crps=0.0675 | mean_mse=0.0295 | pred_mean_std=0.0134 | grad_norm=98.0227 | mean_nu=2.5763 | lr=0.0001 | phase=B
step    5500 | loss=-9.2522 | nll=-0.8067 | crps=0.0684 | mean_mse=0.0305 | pred_mean_std=0.0138 | grad_norm=58.6430 | mean_nu=2.5872 | lr=0.0001 | phase=B
step    5500 | val_loss=-0.8537 | val_nll=-0.9054 | val_crps=0.0596 | val_mean_mse=0.0219 | val_pred_mean_std=0.0075 | val_mean_sigma=0.0717 | val_mean_nu=2.0415
  No improvement (1/10)
step    5550 | loss=-9.5336 | nll=-0.8004 | crps=0.0686 | mean_mse=0.0303 | pred_mean_std=0.0137 | grad_norm=59.7429 | mean_nu=2.6143 | lr=0.0001 | phase=B
step    5600 | loss=-9.1479 | nll=-0.7993 | crps=0.0687 | mean_mse=0.0301 | pred_mean_std=0.0113 | grad_norm=84.5941 | mean_nu=2.7141 | lr=0.0001 | phase=B
step    5650 | loss=-9.2187 | nll=-0.8080 | crps=0.0682 | mean_mse=0.0300 | pred_mean_std=0.0113 | grad_norm=84.8743 | mean_nu=2.6351 | lr=0.0001 | phase=B
step    5700 | loss=-9.6384 | nll=-0.8055 | crps=0.0688 | mean_mse=0.0308 | pred_mean_std=0.0122 | grad_norm=79.8343 | mean_nu=2.5635 | lr=0.0001 | phase=B
step    5750 | loss=-9.6806 | nll=-0.8157 | crps=0.0678 | mean_mse=0.0301 | pred_mean_std=0.0130 | grad_norm=90.9306 | mean_nu=2.5602 | lr=0.0001 | phase=B
step    5800 | loss=-9.2449 | nll=-0.7893 | crps=0.0690 | mean_mse=0.0305 | pred_mean_std=0.0124 | grad_norm=90.3210 | mean_nu=2.5955 | lr=0.0001 | phase=B
step    5850 | loss=-9.1170 | nll=-0.8096 | crps=0.0679 | mean_mse=0.0297 | pred_mean_std=0.0115 | grad_norm=73.8682 | mean_nu=2.5657 | lr=0.0001 | phase=B
step    5900 | loss=-9.4344 | nll=-0.7991 | crps=0.0685 | mean_mse=0.0299 | pred_mean_std=0.0122 | grad_norm=79.7339 | mean_nu=2.6377 | lr=0.0001 | phase=B
step    5950 | loss=-9.2291 | nll=-0.8062 | crps=0.0683 | mean_mse=0.0304 | pred_mean_std=0.0132 | grad_norm=125.2884 | mean_nu=2.5933 | lr=0.0001 | phase=B
step    6000 | loss=-8.8568 | nll=-0.7998 | crps=0.0690 | mean_mse=0.0311 | pred_mean_std=0.0119 | grad_norm=61.6678 | mean_nu=2.5912 | lr=0.0001 | phase=B
step    6000 | val_loss=-0.8614 | val_nll=-0.9130 | val_crps=0.0594 | val_mean_mse=0.0218 | val_pred_mean_std=0.0081 | val_mean_sigma=0.0732 | val_mean_nu=2.0398
  No improvement (2/10)
step    6050 | loss=-7.8662 | nll=-0.8053 | crps=0.0683 | mean_mse=0.0299 | pred_mean_std=0.0118 | grad_norm=89.9220 | mean_nu=2.5641 | lr=0.0001 | phase=B
step    6100 | loss=-7.9686 | nll=-0.8057 | crps=0.0685 | mean_mse=0.0308 | pred_mean_std=0.0122 | grad_norm=51.5432 | mean_nu=2.6128 | lr=0.0001 | phase=B
step    6150 | loss=-8.6522 | nll=-0.8005 | crps=0.0683 | mean_mse=0.0299 | pred_mean_std=0.0138 | grad_norm=103.1474 | mean_nu=2.5126 | lr=0.0001 | phase=B
step    6200 | loss=-8.9597 | nll=-0.8120 | crps=0.0679 | mean_mse=0.0295 | pred_mean_std=0.0113 | grad_norm=63.9581 | mean_nu=2.6714 | lr=0.0001 | phase=B
step    6250 | loss=-7.6728 | nll=-0.8090 | crps=0.0680 | mean_mse=0.0299 | pred_mean_std=0.0124 | grad_norm=90.2731 | mean_nu=2.6561 | lr=0.0001 | phase=B
step    6300 | loss=-8.6145 | nll=-0.8044 | crps=0.0686 | mean_mse=0.0304 | pred_mean_std=0.0112 | grad_norm=94.2931 | mean_nu=2.5679 | lr=0.0001 | phase=B
step    6350 | loss=-9.1236 | nll=-0.8089 | crps=0.0676 | mean_mse=0.0288 | pred_mean_std=0.0129 | grad_norm=93.8519 | mean_nu=2.5595 | lr=0.0001 | phase=B
step    6400 | loss=-9.6430 | nll=-0.8112 | crps=0.0680 | mean_mse=0.0300 | pred_mean_std=0.0127 | grad_norm=71.5919 | mean_nu=2.6220 | lr=0.0001 | phase=B
step    6450 | loss=-9.9589 | nll=-0.8025 | crps=0.0683 | mean_mse=0.0301 | pred_mean_std=0.0137 | grad_norm=108.2730 | mean_nu=2.6586 | lr=0.0001 | phase=B
step    6500 | loss=-9.8647 | nll=-0.8009 | crps=0.0689 | mean_mse=0.0310 | pred_mean_std=0.0122 | grad_norm=83.1290 | mean_nu=2.6700 | lr=0.0001 | phase=B
step    6500 | val_loss=-0.8388 | val_nll=-0.8904 | val_crps=0.0597 | val_mean_mse=0.0218 | val_pred_mean_std=0.0079 | val_mean_sigma=0.0829 | val_mean_nu=2.0617
  No improvement (3/10)
step    6550 | loss=-9.9285 | nll=-0.8057 | crps=0.0687 | mean_mse=0.0310 | pred_mean_std=0.0104 | grad_norm=78.6981 | mean_nu=2.6150 | lr=0.0001 | phase=B
step    6600 | loss=-9.9744 | nll=-0.7969 | crps=0.0691 | mean_mse=0.0312 | pred_mean_std=0.0125 | grad_norm=72.6882 | mean_nu=2.5389 | lr=0.0001 | phase=B
step    6650 | loss=-9.8163 | nll=-0.8015 | crps=0.0683 | mean_mse=0.0301 | pred_mean_std=0.0113 | grad_norm=66.8465 | mean_nu=2.5846 | lr=0.0001 | phase=B
step    6700 | loss=-9.6638 | nll=-0.8162 | crps=0.0680 | mean_mse=0.0301 | pred_mean_std=0.0128 | grad_norm=104.8714 | mean_nu=2.5880 | lr=0.0001 | phase=B
step    6750 | loss=-9.9426 | nll=-0.8029 | crps=0.0682 | mean_mse=0.0296 | pred_mean_std=0.0119 | grad_norm=85.1861 | mean_nu=2.5850 | lr=0.0001 | phase=B
step    6800 | loss=-9.9684 | nll=-0.8068 | crps=0.0680 | mean_mse=0.0295 | pred_mean_std=0.0114 | grad_norm=67.7735 | mean_nu=2.7631 | lr=0.0001 | phase=B
step    6850 | loss=-9.7772 | nll=-0.8055 | crps=0.0685 | mean_mse=0.0303 | pred_mean_std=0.0120 | grad_norm=104.2890 | mean_nu=2.5398 | lr=0.0001 | phase=B
step    6900 | loss=-9.5786 | nll=-0.8122 | crps=0.0682 | mean_mse=0.0304 | pred_mean_std=0.0130 | grad_norm=81.4540 | mean_nu=2.5786 | lr=0.0001 | phase=B
step    6950 | loss=-9.7661 | nll=-0.8031 | crps=0.0687 | mean_mse=0.0303 | pred_mean_std=0.0121 | grad_norm=103.2173 | mean_nu=2.5622 | lr=0.0001 | phase=B
step    7000 | loss=-9.8211 | nll=-0.8101 | crps=0.0679 | mean_mse=0.0299 | pred_mean_std=0.0121 | grad_norm=93.4058 | mean_nu=2.4956 | lr=0.0001 | phase=B
step    7000 | val_loss=-0.8448 | val_nll=-0.8966 | val_crps=0.0597 | val_mean_mse=0.0219 | val_pred_mean_std=0.0091 | val_mean_sigma=0.0817 | val_mean_nu=2.0287
  No improvement (4/10)
step    7050 | loss=-9.9513 | nll=-0.8110 | crps=0.0681 | mean_mse=0.0301 | pred_mean_std=0.0114 | grad_norm=118.2958 | mean_nu=2.5929 | lr=0.0001 | phase=B
step    7100 | loss=-9.8079 | nll=-0.8104 | crps=0.0681 | mean_mse=0.0302 | pred_mean_std=0.0129 | grad_norm=74.5881 | mean_nu=2.6006 | lr=0.0001 | phase=B
step    7150 | loss=-9.4551 | nll=-0.8004 | crps=0.0688 | mean_mse=0.0308 | pred_mean_std=0.0140 | grad_norm=89.7346 | mean_nu=2.5937 | lr=0.0001 | phase=B
step    7200 | loss=-9.3123 | nll=-0.8006 | crps=0.0686 | mean_mse=0.0305 | pred_mean_std=0.0127 | grad_norm=47.6050 | mean_nu=2.6620 | lr=0.0001 | phase=B
step    7250 | loss=-9.4721 | nll=-0.8172 | crps=0.0678 | mean_mse=0.0297 | pred_mean_std=0.0092 | grad_norm=117.5363 | mean_nu=2.5972 | lr=0.0001 | phase=B
step    7300 | loss=-9.4241 | nll=-0.7915 | crps=0.0692 | mean_mse=0.0303 | pred_mean_std=0.0108 | grad_norm=80.8668 | mean_nu=2.6151 | lr=0.0001 | phase=B
step    7350 | loss=-9.3662 | nll=-0.8045 | crps=0.0683 | mean_mse=0.0301 | pred_mean_std=0.0131 | grad_norm=95.8388 | mean_nu=2.5706 | lr=0.0001 | phase=B
step    7400 | loss=-10.0173 | nll=-0.8136 | crps=0.0679 | mean_mse=0.0302 | pred_mean_std=0.0143 | grad_norm=64.2670 | mean_nu=2.5862 | lr=0.0001 | phase=B
step    7450 | loss=-9.9508 | nll=-0.8093 | crps=0.0682 | mean_mse=0.0300 | pred_mean_std=0.0139 | grad_norm=98.3820 | mean_nu=2.6286 | lr=0.0001 | phase=B
step    7500 | loss=-9.3916 | nll=-0.8087 | crps=0.0680 | mean_mse=0.0297 | pred_mean_std=0.0118 | grad_norm=62.9853 | mean_nu=2.5529 | lr=0.0001 | phase=B
step    7500 | val_loss=-0.8772 | val_nll=-0.9284 | val_crps=0.0591 | val_mean_mse=0.0217 | val_pred_mean_std=0.0067 | val_mean_sigma=0.0596 | val_mean_nu=2.0250
  ** New best: val_loss=-0.8772
step    7550 | loss=-9.7291 | nll=-0.8054 | crps=0.0686 | mean_mse=0.0308 | pred_mean_std=0.0126 | grad_norm=77.4534 | mean_nu=2.5843 | lr=0.0001 | phase=B
step    7600 | loss=-9.9906 | nll=-0.8027 | crps=0.0687 | mean_mse=0.0307 | pred_mean_std=0.0128 | grad_norm=149.2068 | mean_nu=2.5656 | lr=0.0001 | phase=B
step    7650 | loss=-9.8730 | nll=-0.8086 | crps=0.0681 | mean_mse=0.0296 | pred_mean_std=0.0124 | grad_norm=136.4782 | mean_nu=2.6151 | lr=0.0001 | phase=B
step    7700 | loss=-10.0011 | nll=-0.7995 | crps=0.0685 | mean_mse=0.0298 | pred_mean_std=0.0138 | grad_norm=106.7540 | mean_nu=2.6652 | lr=0.0001 | phase=B
step    7750 | loss=-10.0275 | nll=-0.8077 | crps=0.0683 | mean_mse=0.0306 | pred_mean_std=0.0116 | grad_norm=117.8635 | mean_nu=2.5749 | lr=0.0001 | phase=B
step    7800 | loss=-9.9333 | nll=-0.8130 | crps=0.0678 | mean_mse=0.0301 | pred_mean_std=0.0141 | grad_norm=76.8657 | mean_nu=2.5637 | lr=0.0001 | phase=B
step    7850 | loss=-9.7024 | nll=-0.8039 | crps=0.0688 | mean_mse=0.0312 | pred_mean_std=0.0119 | grad_norm=51.7757 | mean_nu=2.5707 | lr=0.0001 | phase=B
step    7900 | loss=-9.9258 | nll=-0.8097 | crps=0.0679 | mean_mse=0.0295 | pred_mean_std=0.0126 | grad_norm=84.4210 | mean_nu=2.6335 | lr=0.0001 | phase=B
step    7950 | loss=-9.4101 | nll=-0.8038 | crps=0.0681 | mean_mse=0.0294 | pred_mean_std=0.0111 | grad_norm=123.8324 | mean_nu=2.5500 | lr=0.0001 | phase=B
step    8000 | loss=-8.6635 | nll=-0.8159 | crps=0.0679 | mean_mse=0.0301 | pred_mean_std=0.0132 | grad_norm=82.3354 | mean_nu=2.6469 | lr=0.0001 | phase=B
step    8000 | val_loss=-0.8745 | val_nll=-0.9258 | val_crps=0.0591 | val_mean_mse=0.0218 | val_pred_mean_std=0.0102 | val_mean_sigma=0.0709 | val_mean_nu=2.0358
  No improvement (1/10)
step    8050 | loss=-8.7308 | nll=-0.8069 | crps=0.0685 | mean_mse=0.0307 | pred_mean_std=0.0127 | grad_norm=63.0489 | mean_nu=2.5670 | lr=0.0001 | phase=B
step    8100 | loss=-8.9589 | nll=-0.7932 | crps=0.0689 | mean_mse=0.0306 | pred_mean_std=0.0117 | grad_norm=196.3353 | mean_nu=2.6351 | lr=0.0001 | phase=B
step    8150 | loss=-9.3852 | nll=-0.8051 | crps=0.0685 | mean_mse=0.0309 | pred_mean_std=0.0137 | grad_norm=96.4908 | mean_nu=2.5687 | lr=0.0001 | phase=B
step    8200 | loss=-9.5302 | nll=-0.7984 | crps=0.0694 | mean_mse=0.0315 | pred_mean_std=0.0135 | grad_norm=167.3679 | mean_nu=2.5044 | lr=0.0001 | phase=B
step    8250 | loss=-9.7994 | nll=-0.8118 | crps=0.0677 | mean_mse=0.0292 | pred_mean_std=0.0123 | grad_norm=125.0915 | mean_nu=2.5650 | lr=0.0001 | phase=B
step    8300 | loss=-9.8420 | nll=-0.7960 | crps=0.0690 | mean_mse=0.0311 | pred_mean_std=0.0116 | grad_norm=118.5671 | mean_nu=2.5410 | lr=0.0001 | phase=B
step    8350 | loss=-9.9351 | nll=-0.8091 | crps=0.0680 | mean_mse=0.0298 | pred_mean_std=0.0129 | grad_norm=141.1009 | mean_nu=2.5873 | lr=0.0001 | phase=B
step    8400 | loss=-10.0351 | nll=-0.8143 | crps=0.0675 | mean_mse=0.0293 | pred_mean_std=0.0128 | grad_norm=65.6699 | mean_nu=2.6418 | lr=0.0001 | phase=B
step    8450 | loss=-10.0006 | nll=-0.8220 | crps=0.0672 | mean_mse=0.0291 | pred_mean_std=0.0137 | grad_norm=98.1845 | mean_nu=2.6589 | lr=0.0001 | phase=B
step    8500 | loss=-9.9917 | nll=-0.7914 | crps=0.0693 | mean_mse=0.0312 | pred_mean_std=0.0114 | grad_norm=111.8656 | mean_nu=2.5641 | lr=0.0001 | phase=B
step    8500 | val_loss=-0.8609 | val_nll=-0.9123 | val_crps=0.0593 | val_mean_mse=0.0217 | val_pred_mean_std=0.0089 | val_mean_sigma=0.0742 | val_mean_nu=2.0335
  No improvement (2/10)
step    8550 | loss=-10.0267 | nll=-0.8084 | crps=0.0679 | mean_mse=0.0295 | pred_mean_std=0.0114 | grad_norm=73.8576 | mean_nu=2.6208 | lr=0.0001 | phase=B
step    8600 | loss=-10.0193 | nll=-0.8039 | crps=0.0689 | mean_mse=0.0311 | pred_mean_std=0.0117 | grad_norm=250.3938 | mean_nu=2.5428 | lr=0.0001 | phase=B
step    8650 | loss=-10.0025 | nll=-0.8078 | crps=0.0681 | mean_mse=0.0301 | pred_mean_std=0.0135 | grad_norm=79.8272 | mean_nu=2.5538 | lr=0.0001 | phase=B
step    8700 | loss=-9.9104 | nll=-0.8007 | crps=0.0683 | mean_mse=0.0296 | pred_mean_std=0.0121 | grad_norm=132.1495 | mean_nu=2.5434 | lr=0.0001 | phase=B
step    8750 | loss=-9.7117 | nll=-0.8026 | crps=0.0687 | mean_mse=0.0306 | pred_mean_std=0.0127 | grad_norm=230.2141 | mean_nu=2.5123 | lr=0.0001 | phase=B
step    8800 | loss=-9.7648 | nll=-0.7957 | crps=0.0688 | mean_mse=0.0304 | pred_mean_std=0.0126 | grad_norm=136.2271 | mean_nu=2.5766 | lr=0.0001 | phase=B
step    8850 | loss=-10.0367 | nll=-0.8037 | crps=0.0683 | mean_mse=0.0303 | pred_mean_std=0.0119 | grad_norm=84.9534 | mean_nu=2.5275 | lr=0.0001 | phase=B
step    8900 | loss=-9.9956 | nll=-0.8065 | crps=0.0680 | mean_mse=0.0295 | pred_mean_std=0.0109 | grad_norm=78.3088 | mean_nu=2.5345 | lr=0.0001 | phase=B
step    8950 | loss=-9.8830 | nll=-0.8065 | crps=0.0680 | mean_mse=0.0293 | pred_mean_std=0.0113 | grad_norm=130.9249 | mean_nu=2.6220 | lr=0.0001 | phase=B
step    9000 | loss=-9.8525 | nll=-0.8080 | crps=0.0683 | mean_mse=0.0301 | pred_mean_std=0.0100 | grad_norm=116.7711 | mean_nu=2.5338 | lr=0.0001 | phase=B
step    9000 | val_loss=-0.8728 | val_nll=-0.9240 | val_crps=0.0592 | val_mean_mse=0.0217 | val_pred_mean_std=0.0078 | val_mean_sigma=0.0607 | val_mean_nu=2.0208
  No improvement (3/10)
step    9050 | loss=-9.9084 | nll=-0.8138 | crps=0.0681 | mean_mse=0.0301 | pred_mean_std=0.0110 | grad_norm=146.5491 | mean_nu=2.5083 | lr=0.0001 | phase=B
step    9100 | loss=-9.9815 | nll=-0.7970 | crps=0.0692 | mean_mse=0.0312 | pred_mean_std=0.0114 | grad_norm=88.0407 | mean_nu=2.5707 | lr=0.0001 | phase=B
step    9150 | loss=-9.9799 | nll=-0.8049 | crps=0.0684 | mean_mse=0.0301 | pred_mean_std=0.0127 | grad_norm=83.3347 | mean_nu=2.6175 | lr=0.0001 | phase=B
step    9200 | loss=-9.9118 | nll=-0.7916 | crps=0.0695 | mean_mse=0.0321 | pred_mean_std=0.0128 | grad_norm=137.0183 | mean_nu=2.6048 | lr=0.0001 | phase=B
step    9250 | loss=-10.0114 | nll=-0.8029 | crps=0.0684 | mean_mse=0.0297 | pred_mean_std=0.0116 | grad_norm=85.0332 | mean_nu=2.5991 | lr=0.0001 | phase=B
step    9300 | loss=-9.9787 | nll=-0.8168 | crps=0.0675 | mean_mse=0.0294 | pred_mean_std=0.0117 | grad_norm=386.8258 | mean_nu=2.5892 | lr=0.0001 | phase=B
step    9350 | loss=-9.9141 | nll=-0.8194 | crps=0.0673 | mean_mse=0.0290 | pred_mean_std=0.0108 | grad_norm=86.3236 | mean_nu=2.5991 | lr=0.0001 | phase=B
step    9400 | loss=-9.8445 | nll=-0.8084 | crps=0.0684 | mean_mse=0.0303 | pred_mean_std=0.0119 | grad_norm=96.3203 | mean_nu=2.6050 | lr=0.0001 | phase=B
step    9450 | loss=-9.8755 | nll=-0.8062 | crps=0.0683 | mean_mse=0.0304 | pred_mean_std=0.0105 | grad_norm=157.3908 | mean_nu=2.5801 | lr=0.0001 | phase=B
step    9500 | loss=-9.9553 | nll=-0.8036 | crps=0.0681 | mean_mse=0.0292 | pred_mean_std=0.0102 | grad_norm=91.5791 | mean_nu=2.6332 | lr=0.0001 | phase=B
step    9500 | val_loss=-0.8060 | val_nll=-0.8581 | val_crps=0.0606 | val_mean_mse=0.0218 | val_pred_mean_std=0.0109 | val_mean_sigma=0.0865 | val_mean_nu=2.0604
  No improvement (4/10)
step    9550 | loss=-10.0258 | nll=-0.8054 | crps=0.0685 | mean_mse=0.0312 | pred_mean_std=0.0115 | grad_norm=109.7881 | mean_nu=2.5482 | lr=0.0001 | phase=B
step    9600 | loss=-10.0787 | nll=-0.8021 | crps=0.0680 | mean_mse=0.0290 | pred_mean_std=0.0128 | grad_norm=181.2792 | mean_nu=2.5079 | lr=0.0001 | phase=B
step    9650 | loss=-10.0988 | nll=-0.8079 | crps=0.0686 | mean_mse=0.0306 | pred_mean_std=0.0128 | grad_norm=83.2977 | mean_nu=2.5123 | lr=0.0001 | phase=B
step    9700 | loss=-10.0906 | nll=-0.8002 | crps=0.0680 | mean_mse=0.0291 | pred_mean_std=0.0129 | grad_norm=113.6063 | mean_nu=2.5612 | lr=0.0001 | phase=B
step    9750 | loss=-10.0809 | nll=-0.8019 | crps=0.0685 | mean_mse=0.0301 | pred_mean_std=0.0124 | grad_norm=86.2034 | mean_nu=2.5791 | lr=0.0001 | phase=B
step    9800 | loss=-9.8167 | nll=-0.8104 | crps=0.0675 | mean_mse=0.0292 | pred_mean_std=0.0116 | grad_norm=152.0156 | mean_nu=2.5803 | lr=0.0001 | phase=B
step    9850 | loss=-10.0020 | nll=-0.7955 | crps=0.0695 | mean_mse=0.0318 | pred_mean_std=0.0108 | grad_norm=89.4567 | mean_nu=2.5842 | lr=0.0001 | phase=B
step    9900 | loss=-10.0857 | nll=-0.8090 | crps=0.0681 | mean_mse=0.0295 | pred_mean_std=0.0110 | grad_norm=90.3790 | mean_nu=2.5723 | lr=0.0001 | phase=B
step    9950 | loss=-10.1078 | nll=-0.8080 | crps=0.0685 | mean_mse=0.0312 | pred_mean_std=0.0109 | grad_norm=102.6192 | mean_nu=2.6319 | lr=0.0001 | phase=B
step   10000 | loss=-10.0888 | nll=-0.8143 | crps=0.0676 | mean_mse=0.0291 | pred_mean_std=0.0102 | grad_norm=97.2428 | mean_nu=2.5575 | lr=0.0001 | phase=B
step   10000 | val_loss=-0.8489 | val_nll=-0.9005 | val_crps=0.0596 | val_mean_mse=0.0218 | val_pred_mean_std=0.0108 | val_mean_sigma=0.0756 | val_mean_nu=2.0363
  No improvement (5/10)
step   10050 | loss=-10.0712 | nll=-0.7981 | crps=0.0687 | mean_mse=0.0300 | pred_mean_std=0.0118 | grad_norm=71.8264 | mean_nu=2.6111 | lr=0.0001 | phase=B
step   10100 | loss=-9.8528 | nll=-0.7933 | crps=0.0690 | mean_mse=0.0305 | pred_mean_std=0.0103 | grad_norm=132.8459 | mean_nu=2.5177 | lr=0.0001 | phase=B
step   10150 | loss=-9.9061 | nll=-0.8069 | crps=0.0686 | mean_mse=0.0307 | pred_mean_std=0.0114 | grad_norm=74.8312 | mean_nu=2.5777 | lr=0.0001 | phase=B
step   10200 | loss=-10.1319 | nll=-0.8065 | crps=0.0685 | mean_mse=0.0304 | pred_mean_std=0.0118 | grad_norm=165.6488 | mean_nu=2.5484 | lr=0.0001 | phase=B
step   10250 | loss=-10.0626 | nll=-0.8088 | crps=0.0680 | mean_mse=0.0300 | pred_mean_std=0.0111 | grad_norm=148.2056 | mean_nu=2.6130 | lr=0.0001 | phase=B
step   10300 | loss=-9.7359 | nll=-0.8076 | crps=0.0680 | mean_mse=0.0299 | pred_mean_std=0.0123 | grad_norm=101.5630 | mean_nu=2.5967 | lr=0.0001 | phase=B
step   10350 | loss=-9.4853 | nll=-0.8072 | crps=0.0680 | mean_mse=0.0295 | pred_mean_std=0.0116 | grad_norm=53.4171 | mean_nu=2.5428 | lr=0.0001 | phase=B
step   10400 | loss=-9.2260 | nll=-0.8097 | crps=0.0680 | mean_mse=0.0297 | pred_mean_std=0.0117 | grad_norm=64.0814 | mean_nu=2.6069 | lr=0.0001 | phase=B
step   10450 | loss=-9.3608 | nll=-0.7964 | crps=0.0691 | mean_mse=0.0311 | pred_mean_std=0.0141 | grad_norm=217.8454 | mean_nu=2.5052 | lr=0.0001 | phase=B
step   10500 | loss=-10.0036 | nll=-0.8116 | crps=0.0677 | mean_mse=0.0296 | pred_mean_std=0.0134 | grad_norm=103.1423 | mean_nu=2.5922 | lr=0.0001 | phase=B
step   10500 | val_loss=-0.8738 | val_nll=-0.9251 | val_crps=0.0591 | val_mean_mse=0.0218 | val_pred_mean_std=0.0092 | val_mean_sigma=0.0682 | val_mean_nu=2.0416
  No improvement (6/10)
step   10550 | loss=-10.1140 | nll=-0.7973 | crps=0.0691 | mean_mse=0.0313 | pred_mean_std=0.0108 | grad_norm=88.4146 | mean_nu=2.5268 | lr=0.0001 | phase=B
step   10600 | loss=-10.0121 | nll=-0.7968 | crps=0.0686 | mean_mse=0.0304 | pred_mean_std=0.0116 | grad_norm=83.0443 | mean_nu=2.5958 | lr=0.0001 | phase=B
step   10650 | loss=-9.5997 | nll=-0.8010 | crps=0.0685 | mean_mse=0.0298 | pred_mean_std=0.0130 | grad_norm=166.1060 | mean_nu=2.5841 | lr=0.0001 | phase=B
step   10700 | loss=-9.5828 | nll=-0.8018 | crps=0.0687 | mean_mse=0.0306 | pred_mean_std=0.0131 | grad_norm=106.8626 | mean_nu=2.5817 | lr=0.0001 | phase=B
step   10750 | loss=-9.6778 | nll=-0.8087 | crps=0.0683 | mean_mse=0.0306 | pred_mean_std=0.0116 | grad_norm=116.8516 | mean_nu=2.5901 | lr=0.0001 | phase=B
step   10800 | loss=-9.8349 | nll=-0.8058 | crps=0.0685 | mean_mse=0.0304 | pred_mean_std=0.0121 | grad_norm=90.3503 | mean_nu=2.5463 | lr=0.0001 | phase=B
step   10850 | loss=-9.7837 | nll=-0.8088 | crps=0.0681 | mean_mse=0.0298 | pred_mean_std=0.0133 | grad_norm=149.8099 | mean_nu=2.5604 | lr=0.0001 | phase=B
step   10900 | loss=-9.9865 | nll=-0.8070 | crps=0.0682 | mean_mse=0.0303 | pred_mean_std=0.0132 | grad_norm=137.2044 | mean_nu=2.5749 | lr=0.0001 | phase=B
step   10950 | loss=-10.0036 | nll=-0.8063 | crps=0.0679 | mean_mse=0.0295 | pred_mean_std=0.0118 | grad_norm=79.7024 | mean_nu=2.5469 | lr=0.0001 | phase=B
step   11000 | loss=-10.0239 | nll=-0.8103 | crps=0.0682 | mean_mse=0.0306 | pred_mean_std=0.0123 | grad_norm=163.6087 | mean_nu=2.5453 | lr=0.0001 | phase=B
step   11000 | val_loss=-0.8040 | val_nll=-0.8562 | val_crps=0.0608 | val_mean_mse=0.0219 | val_pred_mean_std=0.0169 | val_mean_sigma=0.0825 | val_mean_nu=2.0355
  No improvement (7/10)
step   11050 | loss=-10.0475 | nll=-0.8092 | crps=0.0678 | mean_mse=0.0295 | pred_mean_std=0.0117 | grad_norm=98.0426 | mean_nu=2.4880 | lr=0.0001 | phase=B
step   11100 | loss=-10.1640 | nll=-0.8033 | crps=0.0688 | mean_mse=0.0304 | pred_mean_std=0.0129 | grad_norm=58.7557 | mean_nu=2.5474 | lr=0.0001 | phase=B
step   11150 | loss=-10.1754 | nll=-0.7955 | crps=0.0693 | mean_mse=0.0314 | pred_mean_std=0.0132 | grad_norm=92.4390 | mean_nu=2.5781 | lr=0.0001 | phase=B
step   11200 | loss=-10.1381 | nll=-0.8052 | crps=0.0680 | mean_mse=0.0296 | pred_mean_std=0.0118 | grad_norm=85.9291 | mean_nu=2.6017 | lr=0.0001 | phase=B
step   11250 | loss=-10.0998 | nll=-0.7913 | crps=0.0700 | mean_mse=0.0328 | pred_mean_std=0.0139 | grad_norm=97.9296 | mean_nu=2.5436 | lr=0.0001 | phase=B
step   11300 | loss=-10.1080 | nll=-0.8122 | crps=0.0676 | mean_mse=0.0293 | pred_mean_std=0.0104 | grad_norm=118.9006 | mean_nu=2.4503 | lr=0.0001 | phase=B
step   11350 | loss=-10.1515 | nll=-0.7915 | crps=0.0693 | mean_mse=0.0309 | pred_mean_std=0.0123 | grad_norm=94.7725 | mean_nu=2.5768 | lr=0.0001 | phase=B
step   11400 | loss=-10.1461 | nll=-0.8093 | crps=0.0681 | mean_mse=0.0303 | pred_mean_std=0.0110 | grad_norm=101.9680 | mean_nu=2.5962 | lr=0.0001 | phase=B
step   11450 | loss=-9.9004 | nll=-0.8187 | crps=0.0672 | mean_mse=0.0289 | pred_mean_std=0.0120 | grad_norm=110.5302 | mean_nu=2.6339 | lr=0.0001 | phase=B
step   11500 | loss=-10.1246 | nll=-0.8001 | crps=0.0683 | mean_mse=0.0294 | pred_mean_std=0.0119 | grad_norm=121.3231 | mean_nu=2.6038 | lr=0.0001 | phase=B
step   11500 | val_loss=-0.8337 | val_nll=-0.8855 | val_crps=0.0600 | val_mean_mse=0.0218 | val_pred_mean_std=0.0130 | val_mean_sigma=0.0852 | val_mean_nu=2.0503
  No improvement (8/10)
step   11550 | loss=-10.0127 | nll=-0.8183 | crps=0.0675 | mean_mse=0.0293 | pred_mean_std=0.0124 | grad_norm=136.4702 | mean_nu=2.5713 | lr=0.0001 | phase=B
step   11600 | loss=-9.6944 | nll=-0.8031 | crps=0.0686 | mean_mse=0.0310 | pred_mean_std=0.0132 | grad_norm=194.6891 | mean_nu=2.5478 | lr=0.0001 | phase=B
step   11650 | loss=-9.6075 | nll=-0.8121 | crps=0.0680 | mean_mse=0.0297 | pred_mean_std=0.0123 | grad_norm=94.0914 | mean_nu=2.5767 | lr=0.0001 | phase=B
step   11700 | loss=-9.6700 | nll=-0.8027 | crps=0.0680 | mean_mse=0.0292 | pred_mean_std=0.0124 | grad_norm=174.6881 | mean_nu=2.5332 | lr=0.0001 | phase=B
step   11750 | loss=-9.8243 | nll=-0.8066 | crps=0.0678 | mean_mse=0.0294 | pred_mean_std=0.0140 | grad_norm=104.1593 | mean_nu=2.6186 | lr=0.0001 | phase=B
step   11800 | loss=-10.0639 | nll=-0.8039 | crps=0.0688 | mean_mse=0.0311 | pred_mean_std=0.0145 | grad_norm=63.1665 | mean_nu=2.6679 | lr=0.0001 | phase=B
step   11850 | loss=-9.5865 | nll=-0.7996 | crps=0.0692 | mean_mse=0.0309 | pred_mean_std=0.0139 | grad_norm=124.7690 | mean_nu=2.5060 | lr=0.0001 | phase=B
step   11900 | loss=-9.7649 | nll=-0.8175 | crps=0.0670 | mean_mse=0.0285 | pred_mean_std=0.0127 | grad_norm=83.9932 | mean_nu=2.5911 | lr=0.0001 | phase=B
step   11950 | loss=-9.1905 | nll=-0.7889 | crps=0.0697 | mean_mse=0.0318 | pred_mean_std=0.0135 | grad_norm=154.8273 | mean_nu=2.6225 | lr=0.0001 | phase=B
step   12000 | loss=-9.2663 | nll=-0.8235 | crps=0.0670 | mean_mse=0.0286 | pred_mean_std=0.0136 | grad_norm=85.0990 | mean_nu=2.6150 | lr=0.0001 | phase=B
step   12000 | val_loss=-0.7883 | val_nll=-0.8408 | val_crps=0.0610 | val_mean_mse=0.0219 | val_pred_mean_std=0.0143 | val_mean_sigma=0.0924 | val_mean_nu=2.0494
  No improvement (9/10)
step   12050 | loss=-9.3512 | nll=-0.7963 | crps=0.0692 | mean_mse=0.0315 | pred_mean_std=0.0131 | grad_norm=140.7311 | mean_nu=2.6449 | lr=0.0001 | phase=B
step   12100 | loss=-9.4568 | nll=-0.8110 | crps=0.0682 | mean_mse=0.0308 | pred_mean_std=0.0133 | grad_norm=143.5663 | mean_nu=2.5711 | lr=0.0001 | phase=B
step   12150 | loss=-9.7293 | nll=-0.7984 | crps=0.0686 | mean_mse=0.0298 | pred_mean_std=0.0130 | grad_norm=221.2097 | mean_nu=2.5159 | lr=0.0001 | phase=B
step   12200 | loss=-10.0782 | nll=-0.8061 | crps=0.0687 | mean_mse=0.0309 | pred_mean_std=0.0128 | grad_norm=88.8274 | mean_nu=2.4796 | lr=0.0001 | phase=B
step   12250 | loss=-10.1957 | nll=-0.8081 | crps=0.0684 | mean_mse=0.0309 | pred_mean_std=0.0110 | grad_norm=119.4270 | mean_nu=2.5442 | lr=0.0001 | phase=B
step   12300 | loss=-10.2292 | nll=-0.8134 | crps=0.0678 | mean_mse=0.0298 | pred_mean_std=0.0122 | grad_norm=125.0183 | mean_nu=2.6323 | lr=0.0001 | phase=B
step   12350 | loss=-10.2860 | nll=-0.8034 | crps=0.0686 | mean_mse=0.0306 | pred_mean_std=0.0136 | grad_norm=100.0742 | mean_nu=2.6104 | lr=0.0001 | phase=B
step   12400 | loss=-10.2303 | nll=-0.8016 | crps=0.0688 | mean_mse=0.0309 | pred_mean_std=0.0112 | grad_norm=221.4473 | mean_nu=2.5555 | lr=0.0001 | phase=B
step   12450 | loss=-10.2333 | nll=-0.8114 | crps=0.0676 | mean_mse=0.0291 | pred_mean_std=0.0131 | grad_norm=177.3478 | mean_nu=2.5356 | lr=0.0001 | phase=B
step   12500 | loss=-9.9699 | nll=-0.8093 | crps=0.0682 | mean_mse=0.0303 | pred_mean_std=0.0146 | grad_norm=152.9770 | mean_nu=2.6946 | lr=0.0001 | phase=B
step   12500 | val_loss=-0.8604 | val_nll=-0.9120 | val_crps=0.0595 | val_mean_mse=0.0218 | val_pred_mean_std=0.0110 | val_mean_sigma=0.0718 | val_mean_nu=2.0297
  No improvement (10/10)

Early stopping: no improvement for 10 val checks

============================================================
Training complete
  Total steps: 12,500
  Best val loss: -0.8772
  Time: 6.6 min
  Best checkpoint: checkpoints_v6/best.pt
============================================================

=== Evaluating best checkpoint ===
Checkpoint: step 7,500, phase B, best_val_loss: -0.8771719411015511
Input channels: 8
Test set: 23,081 samples, X shape: (23081, 120, 8)
  Unique dates: 429
  Date range: 2025-01-01 to 2026-03-05
  Channel 6 (taker_buy_ratio): 100.0% samples have data
  Channel 7 (funding_rate): 85.1% samples have data
Computing predictions...
Pred mean: range [-0.0455, 0.0190], std=0.0056
Sigma: range [0.0119, 0.2038]
Nu: range [2.01, 3.70], mean=2.02
NLL: -1.0813

Coverage (h=10d):
  50%: 51.2%
  80%: 82.1%
  90%: 92.0%
  95%: 96.6%

Rank IC by horizon:
  h= 1d: IC=0.0650 +/- 0.2432 (t=5.5, n=429)
  h= 5d: IC=0.1140 +/- 0.2297 (t=10.3, n=429)
  h=10d: IC=0.1395 +/- 0.2213 (t=13.1, n=429)
  h=15d: IC=0.1538 +/- 0.2143 (t=14.9, n=429)
  h=20d: IC=0.1690 +/- 0.2171 (t=16.1, n=429)
  h=25d: IC=0.1792 +/- 0.2118 (t=17.5, n=429)
  h=30d: IC=0.1895 +/- 0.2023 (t=19.4, n=429)

Long-short (h=10d):
  Sharpe: 5.46
  Cumulative: 830.6%
  Win rate: 65%
  Max drawdown: -193.2%

Conditional signal (h=10d):
  Pred mean std: 0.0040
  Corr(pred_mean, actual): 0.0620
  Corr(pred_std, |error|): 0.1703

Feature Ablation (h=10d):
  Baseline IC: 0.1395
  Without taker_buy_ratio: IC=0.1400 (delta=-0.0005)
  Without funding_rate: IC=0.1409 (delta=-0.0014)

=== v6 pipeline complete ===
